This is pdfTeX, Version 3.14159265-2.6-1.40.16 (TeX Live 2015/Debian) (preloaded format=pdflatex 2016.12.8)  2 MAY 2017 08:41
entering extended mode
 restricted \write18 enabled.
 %&-line parsing enabled.
**revised_project.tex
(./revised_project.tex
LaTeX2e <2016/02/01>
Babel <3.9q> and hyphenation patterns for 81 language(s) loaded.
(/usr/share/texlive/texmf-dist/tex/latex/base/article.cls
Document Class: article 2014/09/29 v1.4h Standard LaTeX document class
(/usr/share/texlive/texmf-dist/tex/latex/base/size12.clo
File: size12.clo 2014/09/29 v1.4h Standard LaTeX file (size option)
)
\c@part=\count79
\c@section=\count80
\c@subsection=\count81
\c@subsubsection=\count82
\c@paragraph=\count83
\c@subparagraph=\count84
\c@figure=\count85
\c@table=\count86
\abovecaptionskip=\skip41
\belowcaptionskip=\skip42
\bibindent=\dimen102
)
(/usr/share/texlive/texmf-dist/tex/latex/graphics/graphicx.sty
Package: graphicx 2014/10/28 v1.0g Enhanced LaTeX Graphics (DPC,SPQR)

(/usr/share/texlive/texmf-dist/tex/latex/graphics/keyval.sty
Package: keyval 2014/10/28 v1.15 key=value parser (DPC)
\KV@toks@=\toks14
)
(/usr/share/texlive/texmf-dist/tex/latex/graphics/graphics.sty
Package: graphics 2016/01/03 v1.0q Standard LaTeX Graphics (DPC,SPQR)

(/usr/share/texlive/texmf-dist/tex/latex/graphics/trig.sty
Package: trig 2016/01/03 v1.10 sin cos tan (DPC)
)
(/usr/share/texlive/texmf-dist/tex/latex/latexconfig/graphics.cfg
File: graphics.cfg 2010/04/23 v1.9 graphics configuration of TeX Live
)
Package graphics Info: Driver file: pdftex.def on input line 95.

(/usr/share/texlive/texmf-dist/tex/latex/pdftex-def/pdftex.def
File: pdftex.def 2011/05/27 v0.06d Graphics/color for pdfTeX

(/usr/share/texlive/texmf-dist/tex/generic/oberdiek/infwarerr.sty
Package: infwarerr 2010/04/08 v1.3 Providing info/warning/error messages (HO)
)
(/usr/share/texlive/texmf-dist/tex/generic/oberdiek/ltxcmds.sty
Package: ltxcmds 2011/11/09 v1.22 LaTeX kernel commands for general use (HO)
)
\Gread@gobject=\count87
))
\Gin@req@height=\dimen103
\Gin@req@width=\dimen104
)
(/usr/share/texlive/texmf-dist/tex/latex/graphics/color.sty
Package: color 2016/01/03 v1.1b Standard LaTeX Color (DPC)

(/usr/share/texlive/texmf-dist/tex/latex/latexconfig/color.cfg
File: color.cfg 2007/01/18 v1.5 color configuration of teTeX/TeXLive
)
Package color Info: Driver file: pdftex.def on input line 143.
)
(/usr/share/texlive/texmf-dist/tex/latex/framed/framed.sty
Package: framed 2011/10/22 v 0.96: framed or shaded text with page breaks
\OuterFrameSep=\skip43
\fb@frw=\dimen105
\fb@frh=\dimen106
\FrameRule=\dimen107
\FrameSep=\dimen108
)
(/usr/share/texlive/texmf-dist/tex/latex/base/alltt.sty
Package: alltt 1997/06/16 v2.0g defines alltt environment
)
(/usr/share/texlive/texmf-dist/tex/generic/babel/babel.sty
Package: babel 2016/02/24 3.9q The Babel package

(/usr/share/texlive/texmf-dist/tex/generic/babel-english/english.ldf
Language: english 2012/08/20 v3.3p English support from the babel system

(/usr/share/texlive/texmf-dist/tex/generic/babel/babel.def
File: babel.def 2016/02/24 3.9q Babel common definitions
\babel@savecnt=\count88
\U@D=\dimen109
)
\l@canadian = a dialect from \language\l@american 
\l@australian = a dialect from \language\l@british 
\l@newzealand = a dialect from \language\l@british 
))
(/usr/share/texlive/texmf-dist/tex/latex/natbib/natbib.sty
Package: natbib 2010/09/13 8.31b (PWD, AO)
\bibhang=\skip44
\bibsep=\skip45
LaTeX Info: Redefining \cite on input line 694.
\c@NAT@ctr=\count89
)
(/usr/share/texlive/texmf-dist/tex/latex/url/url.sty
\Urlmuskip=\muskip10
Package: url 2013/09/16  ver 3.4  Verb mode for urls, etc.
)
(/usr/share/texlive/texmf-dist/tex/latex/base/inputenc.sty
Package: inputenc 2015/03/17 v1.2c Input encoding file
\inpenc@prehook=\toks15
\inpenc@posthook=\toks16

(/usr/share/texlive/texmf-dist/tex/latex/ucs/utf8x.def
File: utf8x.def 2004/10/17 UCS: Input encoding UTF-8
))
(/usr/share/texlive/texmf-dist/tex/latex/ucs/ucs.sty
Package: ucs 2013/05/11 v2.2 UCS: Unicode input support

(/usr/share/texlive/texmf-dist/tex/latex/ucs/data/uni-global.def
File: uni-global.def 2013/05/13 UCS: Unicode global data
)
\uc@secondtry=\count90
\uc@combtoks=\toks17
\uc@combtoksb=\toks18
\uc@temptokena=\toks19
)
(/usr/share/texlive/texmf-dist/tex/latex/amsmath/amsmath.sty
Package: amsmath 2016/03/03 v2.15a AMS math features
\@mathmargin=\skip46

For additional information on amsmath, use the `?' option.
(/usr/share/texlive/texmf-dist/tex/latex/amsmath/amstext.sty
Package: amstext 2000/06/29 v2.01 AMS text

(/usr/share/texlive/texmf-dist/tex/latex/amsmath/amsgen.sty
File: amsgen.sty 1999/11/30 v2.0 generic functions
\@emptytoks=\toks20
\ex@=\dimen110
))
(/usr/share/texlive/texmf-dist/tex/latex/amsmath/amsbsy.sty
Package: amsbsy 1999/11/29 v1.2d Bold Symbols
\pmbraise@=\dimen111
)
(/usr/share/texlive/texmf-dist/tex/latex/amsmath/amsopn.sty
Package: amsopn 1999/12/14 v2.01 operator names
)
\inf@bad=\count91
LaTeX Info: Redefining \frac on input line 199.
\uproot@=\count92
\leftroot@=\count93
LaTeX Info: Redefining \overline on input line 297.
\classnum@=\count94
\DOTSCASE@=\count95
LaTeX Info: Redefining \ldots on input line 394.
LaTeX Info: Redefining \dots on input line 397.
LaTeX Info: Redefining \cdots on input line 518.
\Mathstrutbox@=\box26
\strutbox@=\box27
\big@size=\dimen112
LaTeX Font Info:    Redeclaring font encoding OML on input line 630.
LaTeX Font Info:    Redeclaring font encoding OMS on input line 631.
\macc@depth=\count96
\c@MaxMatrixCols=\count97
\dotsspace@=\muskip11
\c@parentequation=\count98
\dspbrk@lvl=\count99
\tag@help=\toks21
\row@=\count100
\column@=\count101
\maxfields@=\count102
\andhelp@=\toks22
\eqnshift@=\dimen113
\alignsep@=\dimen114
\tagshift@=\dimen115
\tagwidth@=\dimen116
\totwidth@=\dimen117
\lineht@=\dimen118
\@envbody=\toks23
\multlinegap=\skip47
\multlinetaggap=\skip48
\mathdisplay@stack=\toks24
LaTeX Info: Redefining \[ on input line 2735.
LaTeX Info: Redefining \] on input line 2736.
)
(/usr/share/texlive/texmf-dist/tex/latex/parskip/parskip.sty
Package: parskip 2001/04/09 non-zero parskip adjustments
)
(/usr/share/texlive/texmf-dist/tex/latex/fancyhdr/fancyhdr.sty
\fancy@headwidth=\skip49
\f@ncyO@elh=\skip50
\f@ncyO@erh=\skip51
\f@ncyO@olh=\skip52
\f@ncyO@orh=\skip53
\f@ncyO@elf=\skip54
\f@ncyO@erf=\skip55
\f@ncyO@olf=\skip56
\f@ncyO@orf=\skip57
)
(/usr/share/texlive/texmf-dist/tex/latex/vmargin/vmargin.sty
Package: vmargin 2004/07/15 V2.5 set document margins (VK)

Package: vmargin 2004/07/15 V2.5 set document margins (VK)
\PaperWidth=\dimen119
\PaperHeight=\dimen120
) (/usr/share/texlive/texmf-dist/tex/latex/tocbibind/tocbibind.sty
Package: tocbibind 2010/10/13 v1.5k extra ToC listings
Package tocbibind Info: The document has section divisions on input line 50.


Package tocbibind Note: Using section or other style headings.

) (/usr/share/texlive/texmf-dist/tex/latex/upquote/upquote.sty
Package: upquote 2012/04/19 v1.3 upright-quote and grave-accent glyphs in verba
tim
)
(./revised_project.aux)
\openout1 = `revised_project.aux'.

LaTeX Font Info:    Checking defaults for OML/cmm/m/it on input line 84.
LaTeX Font Info:    ... okay on input line 84.
LaTeX Font Info:    Checking defaults for T1/cmr/m/n on input line 84.
LaTeX Font Info:    ... okay on input line 84.
LaTeX Font Info:    Checking defaults for OT1/cmr/m/n on input line 84.
LaTeX Font Info:    ... okay on input line 84.
LaTeX Font Info:    Checking defaults for OMS/cmsy/m/n on input line 84.
LaTeX Font Info:    ... okay on input line 84.
LaTeX Font Info:    Checking defaults for OMX/cmex/m/n on input line 84.
LaTeX Font Info:    ... okay on input line 84.
LaTeX Font Info:    Checking defaults for U/cmr/m/n on input line 84.
LaTeX Font Info:    ... okay on input line 84.

(/usr/share/texlive/texmf-dist/tex/context/base/supp-pdf.mkii
[Loading MPS to PDF converter (version 2006.09.02).]
\scratchcounter=\count103
\scratchdimen=\dimen121
\scratchbox=\box28
\nofMPsegments=\count104
\nofMParguments=\count105
\everyMPshowfont=\toks25
\MPscratchCnt=\count106
\MPscratchDim=\dimen122
\MPnumerator=\count107
\makeMPintoPDFobject=\count108
\everyMPtoPDFconversion=\toks26
) (/usr/share/texlive/texmf-dist/tex/generic/oberdiek/pdftexcmds.sty
Package: pdftexcmds 2011/11/29 v0.20 Utility functions of pdfTeX for LuaTeX (HO
)

(/usr/share/texlive/texmf-dist/tex/generic/oberdiek/ifluatex.sty
Package: ifluatex 2010/03/01 v1.3 Provides the ifluatex switch (HO)
Package ifluatex Info: LuaTeX not detected.
)
(/usr/share/texlive/texmf-dist/tex/generic/oberdiek/ifpdf.sty
Package: ifpdf 2011/01/30 v2.3 Provides the ifpdf switch (HO)
Package ifpdf Info: pdfTeX in PDF mode is detected.
)
Package pdftexcmds Info: LuaTeX not detected.
Package pdftexcmds Info: \pdf@primitive is available.
Package pdftexcmds Info: \pdf@ifprimitive is available.
Package pdftexcmds Info: \pdfdraftmode found.
)
(/usr/share/texlive/texmf-dist/tex/latex/oberdiek/epstopdf-base.sty
Package: epstopdf-base 2010/02/09 v2.5 Base part for package epstopdf

(/usr/share/texlive/texmf-dist/tex/latex/oberdiek/grfext.sty
Package: grfext 2010/08/19 v1.1 Manage graphics extensions (HO)

(/usr/share/texlive/texmf-dist/tex/generic/oberdiek/kvdefinekeys.sty
Package: kvdefinekeys 2011/04/07 v1.3 Define keys (HO)
))
(/usr/share/texlive/texmf-dist/tex/latex/oberdiek/kvoptions.sty
Package: kvoptions 2011/06/30 v3.11 Key value format for package options (HO)

(/usr/share/texlive/texmf-dist/tex/generic/oberdiek/kvsetkeys.sty
Package: kvsetkeys 2012/04/25 v1.16 Key value parser (HO)

(/usr/share/texlive/texmf-dist/tex/generic/oberdiek/etexcmds.sty
Package: etexcmds 2011/02/16 v1.5 Avoid name clashes with e-TeX commands (HO)
Package etexcmds Info: Could not find \expanded.
(etexcmds)             That can mean that you are not using pdfTeX 1.50 or
(etexcmds)             that some package has redefined \expanded.
(etexcmds)             In the latter case, load this package earlier.
)))
Package grfext Info: Graphics extension search list:
(grfext)             [.png,.pdf,.jpg,.mps,.jpeg,.jbig2,.jb2,.PNG,.PDF,.JPG,.JPE
G,.JBIG2,.JB2,.eps]
(grfext)             \AppendGraphicsExtensions on input line 452.

(/usr/share/texlive/texmf-dist/tex/latex/latexconfig/epstopdf-sys.cfg
File: epstopdf-sys.cfg 2010/07/13 v1.3 Configuration of (r)epstopdf for TeX Liv
e
))
(/usr/share/texlive/texmf-dist/tex/latex/ucs/ucsencs.def
File: ucsencs.def 2011/01/21 Fixes to fontencodings LGR, T3
) [1

{/var/lib/texmf/fonts/map/pdftex/updmap/pdftex.map}] (./revised_project.toc)
\tf@toc=\write3
\openout3 = `revised_project.toc'.

 [1]
Underfull \hbox (badness 10000) in paragraph at lines 129--130

 []

[2] <table_of_groups.png, id=17, 1272.755pt x 248.93pt>
File: table_of_groups.png Graphic file (type png)

<use table_of_groups.png>
Package pdftex.def Info: table_of_groups.png used on input line 147.
(pdftex.def)             Requested size: 420.01045pt x 82.14714pt.
 [3 <./table_of_groups.png>]
Package color Info: Redefining color shadecolor on input line 164.
LaTeX Font Info:    Font shape `OT1/cmtt/bx/n' in size <12> not available
(Font)              Font shape `OT1/cmtt/m/n' tried instead on input line 166.
Package color Info: Redefining color shadecolor on input line 173.
 [4]
Package color Info: Redefining color shadecolor on input line 226.

<figure/analysis_graphics-1.pdf, id=27, 505.89pt x 505.89pt>
File: figure/analysis_graphics-1.pdf Graphic file (type pdf)

<use figure/analysis_graphics-1.pdf>
Package pdftex.def Info: figure/analysis_graphics-1.pdf used on input line 227.

(pdftex.def)             Requested size: 427.43153pt x 427.438pt.

<figure/analysis_graphics-2.pdf, id=28, 505.89pt x 505.89pt>
File: figure/analysis_graphics-2.pdf Graphic file (type pdf)

<use figure/analysis_graphics-2.pdf>
Package pdftex.def Info: figure/analysis_graphics-2.pdf used on input line 229.

(pdftex.def)             Requested size: 427.43153pt x 427.438pt.
 [5 <./figure/analysis_graphics-1.pdf>]
Package color Info: Redefining color shadecolor on input line 239.

<figure/interactions-1.pdf, id=37, 505.89pt x 505.89pt>
File: figure/interactions-1.pdf Graphic file (type pdf)

<use figure/interactions-1.pdf>
Package pdftex.def Info: figure/interactions-1.pdf used on input line 240.
(pdftex.def)             Requested size: 427.43153pt x 427.438pt.
 [6 <./figure/analysis_graphics-2.pdf>]
Package color Info: Redefining color shadecolor on input line 247.

Overfull \hbox (78.64716pt too wide) in paragraph at lines 265--265
[][]\OT1/cmtt/m/it/12 #anova(lm(freethrows$Response~Inflation+Noise+Inflation*N
oise, data=freethrows))[][] 
 []


Overfull \hbox (29.51869pt too wide) in paragraph at lines 276--276
[][]\OT1/cmtt/m/n/12 reg_pois1[] []<-[] []glm[][](freethrows[][]$[][]Response[]
[]*[][]20[][]~[][]Inflated[][]+[][]Silence[][]+[][]Inflated[][]*[][]Silence,[][
] 
 []


Overfull \hbox (29.51869pt too wide) in paragraph at lines 324--324
[]\OT1/cmtt/m/n/12 ##        1        2        3        4        5        6    
    7        8[] 
 []


Overfull \hbox (29.51869pt too wide) in paragraph at lines 324--324
[]\OT1/cmtt/m/n/12 ## 1.686399 1.686399 1.686399 1.686399 1.686399 2.484907 2.4
84907 2.484907[] 
 []


Overfull \hbox (29.51869pt too wide) in paragraph at lines 324--324
[]\OT1/cmtt/m/n/12 ##        9       10       11       12       13       14    
   15       16[] 
 []


Overfull \hbox (29.51869pt too wide) in paragraph at lines 324--324
[]\OT1/cmtt/m/n/12 ## 2.484907 2.484907 2.079442 2.079442 2.079442 2.079442 2.0
79442 2.282382[] 
 []


Overfull \hbox (10.99368pt too wide) in paragraph at lines 399--399
[]\OT1/cmtt/m/n/12 ## glm(formula = freethrows$Response * 20 ~ Inflated, family
 = poisson,[] 
 []


Overfull \hbox (4.81868pt too wide) in paragraph at lines 436--436
[]\OT1/cmtt/m/n/12 ## glm(formula = freethrows$Response * 20 ~ Silence, family 
= poisson,[] 
 []


Overfull \hbox (72.34721pt too wide) in paragraph at lines 451--451
[][]\OT1/cmtt/m/it/12 #the difference from when we threw out the interaction (2
5.802 - 22.174) is not[][] 
 []


Overfull \hbox (28.24762pt too wide) in paragraph at lines 453--453
[][]\OT1/cmtt/m/it/12 #The difference from when we threw out the inflaction fac
tor is 35.922. [][] 
 []


Overfull \hbox (66.04727pt too wide) in paragraph at lines 455--455
[][]\OT1/cmtt/m/it/12 #the difference from the base model of 22.174 and when we
 threw out noise, is [][] 
 []


Underfull \vbox (badness 1584) detected at line 458
 []

[7 <./figure/interactions-1.pdf>] [8] [9] [10] [11]
Package color Info: Redefining color shadecolor on input line 464.
Package color Info: Redefining color shadecolor on input line 501.
 [12]
Overfull \hbox (29.51869pt too wide) in paragraph at lines 512--512
[]\OT1/cmtt/m/n/12 ##        1        2        3        4        5        6    
    7        8[] 
 []


Overfull \hbox (29.51869pt too wide) in paragraph at lines 512--512
[]\OT1/cmtt/m/n/12 ## 1.686399 1.686399 1.686399 1.686399 1.686399 2.484907 2.4
84907 2.484907[] 
 []


Overfull \hbox (29.51869pt too wide) in paragraph at lines 512--512
[]\OT1/cmtt/m/n/12 ##        9       10       11       12       13       14    
   15       16[] 
 []


Overfull \hbox (29.51869pt too wide) in paragraph at lines 512--512
[]\OT1/cmtt/m/n/12 ## 2.484907 2.484907 2.079442 2.079442 2.079442 2.079442 2.0
79442 2.282382[] 
 []


Underfull \hbox (badness 10000) in paragraph at lines 520--522

 []

(./revised_project.bbl [13]) [14] (./revised_project.aux) ) 
Here is how much of TeX's memory you used:
 3673 strings out of 493029
 50158 string characters out of 6136234
 152529 words of memory out of 5000000
 7118 multiletter control sequences out of 15000+600000
 10454 words of font info for 38 fonts, out of 8000000 for 9000
 1141 hyphenation exceptions out of 8191
 38i,12n,43p,562b,322s stack positions out of 5000i,500n,10000p,200000b,80000s
</usr/share/texlive/
texmf-dist/fonts/type1/public/amsfonts/cm/cmbx12.pfb></usr/share/texlive/texmf-
dist/fonts/type1/public/amsfonts/cm/cmcsc10.pfb></usr/share/texlive/texmf-dist/
fonts/type1/public/amsfonts/cm/cmitt10.pfb></usr/share/texlive/texmf-dist/fonts
/type1/public/amsfonts/cm/cmr12.pfb></usr/share/texlive/texmf-dist/fonts/type1/
public/amsfonts/cm/cmr8.pfb></usr/share/texlive/texmf-dist/fonts/type1/public/a
msfonts/cm/cmti12.pfb></usr/share/texlive/texmf-dist/fonts/type1/public/amsfont
s/cm/cmtt12.pfb>
Output written on revised_project.pdf (15 pages, 133879 bytes).
PDF statistics:
 103 PDF objects out of 1000 (max. 8388607)
 70 compressed objects within 1 object stream
 0 named destinations out of 1000 (max. 500000)
 21 words of extra memory for PDF output out of 10000 (max. 10000000)

